2025-11-01 21:05:27,287 - api - INFO - Finding all books in database
2025-11-01 21:05:54,410 - api - INFO - Searching books in database
2025-11-05 20:33:56,427 - api - INFO - Finding all books in database
2025-11-05 20:41:12,873 - api - INFO - Finding all books in database
2025-11-08 14:14:35,107 - api - INFO - Finding all books in database
2025-11-08 14:14:35,146 - api - INFO - Searching books by author in database
2025-11-08 14:14:35,176 - api - INFO - Searching books by subject in database
2025-11-08 14:14:35,201 - api - INFO - Searching books by ISBN in database
2025-11-08 14:18:28,604 - api - INFO - Finding all books in database
2025-11-08 14:18:28,628 - api - INFO - Searching books by author in database
2025-11-08 14:18:28,654 - api - INFO - Searching books by subject in database
2025-11-08 14:18:28,679 - api - INFO - Searching books by ISBN in database
2025-11-08 14:47:22,634 - api - INFO - Finding all books in database
2025-11-08 14:47:22,662 - api - INFO - Searching books by author in database
2025-11-08 14:47:22,689 - api - INFO - Searching books by subject in database
2025-11-08 14:47:22,715 - api - INFO - Searching books by ISBN in database
2025-11-08 14:47:29,970 - api - INFO - Finding all books in database
2025-11-08 14:47:29,996 - api - INFO - Searching books by author in database
2025-11-08 14:47:30,020 - api - INFO - Searching books by subject in database
2025-11-08 14:47:30,112 - api - INFO - Searching books by ISBN in database
2025-11-08 14:50:53,987 - api - INFO - Finding all books in database
2025-11-08 14:50:54,014 - api - INFO - Searching books by author in database
2025-11-08 14:50:54,038 - api - INFO - Searching books by subject in database
2025-11-08 14:50:54,062 - api - INFO - Searching books by ISBN in database
2025-11-08 14:50:54,086 - api - INFO - Searching books by publisher in database
2025-11-08 14:50:54,109 - api - INFO - Searching books by title in database
2025-11-08 14:50:54,142 - api - INFO - Searching books by year in database
2025-11-08 14:50:54,215 - api - INFO - Searching books by copies available in database
2025-11-08 14:51:07,077 - api - INFO - Finding all books in database
2025-11-08 14:51:07,102 - api - INFO - Searching books by author in database
2025-11-08 14:51:07,126 - api - INFO - Searching books by subject in database
2025-11-08 14:51:07,152 - api - INFO - Searching books by ISBN in database
2025-11-08 14:51:07,176 - api - INFO - Searching books by publisher in database
2025-11-08 14:51:07,200 - api - INFO - Searching books by title in database
2025-11-08 14:51:07,224 - api - INFO - Searching books by year in database
2025-11-08 14:51:07,296 - api - INFO - Searching books by copies available in database
2025-11-08 14:58:54,505 - api - INFO - Finding all books in database
2025-11-08 14:58:54,530 - api - INFO - Searching books by author in database
2025-11-08 14:58:54,554 - api - INFO - Searching books by subject in database
2025-11-08 14:58:54,580 - api - INFO - Searching books by ISBN in database
2025-11-08 14:58:54,605 - api - INFO - Searching books by publisher in database
2025-11-08 14:58:54,630 - api - INFO - Searching books by title in database
2025-11-08 14:58:54,656 - api - INFO - Searching books by year in database
2025-11-08 14:58:54,681 - api - INFO - Searching books by copies available in database
2025-11-08 15:37:47,353 - api - INFO - Finding all books in database
2025-11-08 15:37:47,386 - api - INFO - Searching books by author in database
2025-11-08 15:37:47,415 - api - INFO - Searching books by subject in database
2025-11-08 15:37:47,445 - api - INFO - Searching books by ISBN in database
2025-11-08 15:37:47,470 - api - INFO - Searching books by publisher in database
2025-11-08 15:37:47,494 - api - INFO - Searching books by title in database
2025-11-08 15:37:47,523 - api - INFO - Searching books by year in database
2025-11-08 15:37:47,546 - api - INFO - Searching books by copies available in database
2025-11-08 15:37:57,390 - api - INFO - Finding all books in database
2025-11-08 15:37:57,422 - api - INFO - Searching books by author in database
2025-11-08 15:37:57,449 - api - INFO - Searching books by subject in database
2025-11-08 15:37:57,475 - api - INFO - Searching books by ISBN in database
2025-11-08 15:37:57,503 - api - INFO - Searching books by publisher in database
2025-11-08 15:37:57,529 - api - INFO - Searching books by title in database
2025-11-08 15:37:57,559 - api - INFO - Searching books by year in database
2025-11-08 15:37:57,585 - api - INFO - Searching books by copies available in database
2025-11-08 15:45:32,787 - api - INFO - Finding all books in database
2025-11-08 15:45:32,913 - api - INFO - Searching books by subject in database
2025-11-08 15:45:32,942 - api - INFO - Searching books by ISBN in database
2025-11-08 15:45:32,974 - api - INFO - Searching books by publisher in database
2025-11-08 15:45:32,995 - api - INFO - Searching books by title in database
2025-11-08 15:45:33,017 - api - INFO - Searching books by year in database
2025-11-08 15:45:33,038 - api - INFO - Searching books by copies available in database
2025-11-08 15:45:39,999 - api - INFO - Finding all books in database
2025-11-08 15:45:40,028 - api - INFO - Searching books by author in database
2025-11-08 15:45:40,059 - api - INFO - Searching books by subject in database
2025-11-08 15:45:40,088 - api - INFO - Searching books by ISBN in database
2025-11-08 15:45:40,125 - api - INFO - Searching books by publisher in database
2025-11-08 15:45:40,157 - api - INFO - Searching books by title in database
2025-11-08 15:45:40,184 - api - INFO - Searching books by year in database
2025-11-08 15:45:40,207 - api - INFO - Searching books by copies available in database
2025-11-08 16:00:50,549 - api - INFO - Finding all books in database
2025-11-08 16:00:50,573 - api - INFO - Searching books by author in database
2025-11-08 16:00:50,596 - api - INFO - Searching books by subject in database
2025-11-08 16:00:50,621 - api - INFO - Searching books by ISBN in database
2025-11-08 16:00:50,643 - api - INFO - Searching books by publisher in database
2025-11-08 16:00:50,664 - api - INFO - Searching books by title in database
2025-11-08 16:00:50,686 - api - INFO - Searching books by year in database
2025-11-08 16:00:50,709 - api - INFO - Searching books by copies available in database
2025-11-08 16:58:13,882 - api - INFO - Finding all books in database
2025-11-08 16:58:13,910 - api - INFO - Searching books by author in database
2025-11-08 16:58:13,933 - api - INFO - Searching books by subject in database
2025-11-08 16:58:13,952 - api - INFO - Searching books by ISBN in database
2025-11-08 16:58:13,974 - api - INFO - Searching books by publisher in database
2025-11-08 16:58:13,999 - api - INFO - Searching books by title in database
2025-11-08 16:58:14,021 - api - INFO - Searching books by year in database
2025-11-08 16:58:14,042 - api - INFO - Searching books by copies available in database
2025-11-08 16:58:35,773 - api - INFO - Finding all books in database
2025-11-08 16:58:35,799 - api - INFO - Searching books by author in database
2025-11-08 16:58:35,823 - api - INFO - Searching books by subject in database
2025-11-08 16:58:35,846 - api - INFO - Searching books by ISBN in database
2025-11-08 16:58:35,868 - api - INFO - Searching books by publisher in database
2025-11-08 16:58:35,891 - api - INFO - Searching books by title in database
2025-11-08 16:58:35,916 - api - INFO - Searching books by year in database
2025-11-08 16:58:35,939 - api - INFO - Searching books by copies available in database
2025-11-08 17:00:08,457 - api - INFO - Finding all books in database
2025-11-08 17:00:08,484 - api - INFO - Searching books by author in database
2025-11-08 17:00:08,511 - api - INFO - Searching books by subject in database
2025-11-08 17:00:08,537 - api - INFO - Searching books by ISBN in database
2025-11-08 17:00:08,566 - api - INFO - Searching books by publisher in database
2025-11-08 17:00:08,591 - api - INFO - Searching books by title in database
2025-11-08 17:00:08,616 - api - INFO - Searching books by year in database
2025-11-08 17:00:08,641 - api - INFO - Searching books by copies available in database
2025-11-08 17:00:08,645 - api - INFO - Generating random ID
2025-11-08 17:00:52,865 - api - INFO - Finding all books in database
2025-11-08 17:00:52,887 - api - INFO - Searching books by author in database
2025-11-08 17:00:52,909 - api - INFO - Searching books by subject in database
2025-11-08 17:00:52,931 - api - INFO - Searching books by ISBN in database
2025-11-08 17:00:52,956 - api - INFO - Searching books by publisher in database
2025-11-08 17:00:52,980 - api - INFO - Searching books by title in database
2025-11-08 17:00:53,007 - api - INFO - Searching books by year in database
2025-11-08 17:00:53,042 - api - INFO - Searching books by copies available in database
2025-11-08 17:00:53,045 - api - INFO - Generating random ID
2025-11-08 17:01:16,493 - api - INFO - Finding all books in database
2025-11-08 17:01:16,518 - api - INFO - Searching books by author in database
2025-11-08 17:01:16,549 - api - INFO - Searching books by subject in database
2025-11-08 17:01:16,622 - api - INFO - Searching books by ISBN in database
2025-11-08 17:01:16,660 - api - INFO - Searching books by publisher in database
2025-11-08 17:01:16,704 - api - INFO - Searching books by title in database
2025-11-08 17:01:16,741 - api - INFO - Searching books by year in database
2025-11-08 17:01:16,773 - api - INFO - Searching books by copies available in database
2025-11-08 17:01:16,776 - api - INFO - Generating random ID
2025-11-08 17:22:53,935 - api - INFO - Finding all books in database
2025-11-08 17:22:53,958 - api - INFO - Searching books by author in database
2025-11-08 17:22:53,981 - api - INFO - Searching books by subject in database
2025-11-08 17:22:54,004 - api - INFO - Searching books by ISBN in database
2025-11-08 17:22:54,029 - api - INFO - Searching books by publisher in database
2025-11-08 17:22:54,053 - api - INFO - Searching books by title in database
2025-11-08 17:22:54,073 - api - INFO - Searching books by year in database
2025-11-08 17:22:54,095 - api - INFO - Searching books by copies available in database
2025-11-08 17:22:54,098 - api - INFO - Generating random ID
2025-11-08 17:23:16,541 - api - INFO - Finding all books in database
2025-11-08 17:23:16,567 - api - INFO - Searching books by author in database
2025-11-08 17:23:16,602 - api - INFO - Searching books by subject in database
2025-11-08 17:23:16,632 - api - INFO - Searching books by ISBN in database
2025-11-08 17:23:16,666 - api - INFO - Searching books by publisher in database
2025-11-08 17:23:16,694 - api - INFO - Searching books by title in database
2025-11-08 17:23:16,722 - api - INFO - Searching books by year in database
2025-11-08 17:23:16,769 - api - INFO - Searching books by copies available in database
2025-11-08 17:23:16,774 - api - INFO - Generating random ID
2025-11-08 17:23:16,776 - api - INFO - Generating random ID
2025-11-08 17:24:01,186 - api - INFO - Finding all books in database
2025-11-08 17:24:01,214 - api - INFO - Searching books by author in database
2025-11-08 17:24:01,237 - api - INFO - Searching books by subject in database
2025-11-08 17:24:01,263 - api - INFO - Searching books by ISBN in database
2025-11-08 17:24:01,288 - api - INFO - Searching books by publisher in database
2025-11-08 17:24:01,317 - api - INFO - Searching books by title in database
2025-11-08 17:24:01,343 - api - INFO - Searching books by year in database
2025-11-08 17:24:01,371 - api - INFO - Searching books by copies available in database
2025-11-08 17:24:01,374 - api - INFO - Generating random ID
2025-11-08 17:24:01,375 - api - INFO - Generating random ID
2025-11-08 17:27:51,849 - api - INFO - Finding all books in database
2025-11-08 17:27:51,876 - api - INFO - Searching books by author in database
2025-11-08 17:27:51,898 - api - INFO - Searching books by subject in database
2025-11-08 17:27:51,925 - api - INFO - Searching books by ISBN in database
2025-11-08 17:27:51,950 - api - INFO - Searching books by publisher in database
2025-11-08 17:27:51,975 - api - INFO - Searching books by title in database
2025-11-08 17:27:52,000 - api - INFO - Searching books by year in database
2025-11-08 17:27:52,026 - api - INFO - Searching books by copies available in database
2025-11-08 17:27:52,030 - api - INFO - Generating random ID
2025-11-08 17:27:52,031 - api - INFO - Generating random ID
2025-11-08 17:29:25,861 - api - INFO - Finding all books in database
2025-11-08 17:29:25,891 - api - INFO - Searching books by author in database
2025-11-08 17:29:25,913 - api - INFO - Searching books by subject in database
2025-11-08 17:29:25,945 - api - INFO - Searching books by ISBN in database
2025-11-08 17:29:25,972 - api - INFO - Searching books by publisher in database
2025-11-08 17:29:25,998 - api - INFO - Searching books by title in database
2025-11-08 17:29:26,023 - api - INFO - Searching books by year in database
2025-11-08 17:29:26,049 - api - INFO - Searching books by copies available in database
2025-11-08 17:29:26,052 - api - INFO - Generating random ID
2025-11-08 17:29:26,053 - api - INFO - Generating random ID
2025-11-08 17:29:39,155 - api - INFO - Finding all books in database
2025-11-08 17:29:39,181 - api - INFO - Searching books by author in database
2025-11-08 17:29:39,204 - api - INFO - Searching books by subject in database
2025-11-08 17:29:39,224 - api - INFO - Searching books by ISBN in database
2025-11-08 17:29:39,252 - api - INFO - Searching books by publisher in database
2025-11-08 17:29:39,278 - api - INFO - Searching books by title in database
2025-11-08 17:29:39,303 - api - INFO - Searching books by year in database
2025-11-08 17:29:39,334 - api - INFO - Searching books by copies available in database
2025-11-08 17:29:39,337 - api - INFO - Generating random ID
2025-11-08 17:29:39,338 - api - INFO - Generating random ID
2025-11-08 17:31:50,065 - api - INFO - Finding all books in database
2025-11-08 17:31:50,093 - api - INFO - Searching books by author in database
2025-11-08 17:31:50,116 - api - INFO - Searching books by subject in database
2025-11-08 17:31:50,140 - api - INFO - Searching books by ISBN in database
2025-11-08 17:31:50,168 - api - INFO - Searching books by publisher in database
2025-11-08 17:31:50,192 - api - INFO - Searching books by title in database
2025-11-08 17:31:50,218 - api - INFO - Searching books by year in database
2025-11-08 17:31:50,241 - api - INFO - Searching books by copies available in database
2025-11-08 17:31:50,244 - api - INFO - Generating random ID
2025-11-08 17:31:50,246 - api - INFO - Generating random ID
2025-11-08 17:31:50,248 - api - INFO - Generating token
2025-11-08 17:31:50,248 - api - INFO - Finding user in database
2025-11-08 17:31:50,257 - api - INFO - Generating random ID
2025-11-08 17:31:50,258 - api - INFO - Generating hash key
2025-11-08 17:31:50,258 - api - INFO - Generating hash key
